[debug] [2022-04-18T14:42:20.089Z] ----------------------------------------------------------------------
[debug] [2022-04-18T14:42:20.092Z] Command:       C:\Program Files\nodejs\node.exe C:\Users\Noman\AppData\Roaming\npm\node_modules\firebase-tools\lib\bin\firebase.js init
[debug] [2022-04-18T14:42:20.093Z] CLI Version:   10.6.0
[debug] [2022-04-18T14:42:20.093Z] Platform:      win32
[debug] [2022-04-18T14:42:20.093Z] Node Version:  v16.13.1
[debug] [2022-04-18T14:42:20.107Z] Time:          Mon Apr 18 2022 20:42:20 GMT+0600 (Bangladesh Standard Time)
[debug] [2022-04-18T14:42:20.108Z] ----------------------------------------------------------------------
[debug] 
[debug] [2022-04-18T14:42:20.116Z] >>> [apiv2][query] GET https://firebase-public.firebaseio.com/cli.json [none]
[debug] [2022-04-18T14:42:20.192Z] > command requires scopes: ["email","openid","https://www.googleapis.com/auth/cloudplatformprojects.readonly","https://www.googleapis.com/auth/firebase","https://www.googleapis.com/auth/cloud-platform"]
[debug] [2022-04-18T14:42:20.192Z] > authorizing via signed-in user (devnoman01@gmail.com)
[info] 
     ######## #### ########  ######## ########     ###     ######  ########
     ##        ##  ##     ## ##       ##     ##  ##   ##  ##       ##
     ######    ##  ########  ######   ########  #########  ######  ######
     ##        ##  ##    ##  ##       ##     ## ##     ##       ## ##
     ##       #### ##     ## ######## ########  ##     ##  ######  ########

You're about to initialize a Firebase project in this directory:

  C:\Web\Assignment\assignment-10

Before we get started, keep in mind:

  * You are currently outside your home directory

[debug] [2022-04-18T14:42:21.439Z] <<< [apiv2][status] GET https://firebase-public.firebaseio.com/cli.json 200
[debug] [2022-04-18T14:42:21.440Z] <<< [apiv2][body] GET https://firebase-public.firebaseio.com/cli.json {"cloudBuildErrorAfter":1594252800000,"cloudBuildWarnAfter":1590019200000,"defaultNode10After":1594252800000,"minVersion":"3.0.5","node8DeploysDisabledAfter":1613390400000,"node8RuntimeDisabledAfter":1615809600000,"node8WarnAfter":1600128000000}
